# Logfile created on 2014-05-30 15:41:29 -0400 by logger.rb/41954
I, [2014-05-30T15:41:29.976075 #2480]  INFO -- : 0:  RedCloth (4.2.9) from /Users/arturenault/.rvm/gems/ruby-2.0.0-p353@cpa_website/specifications/RedCloth-4.2.9.gemspec
I, [2014-05-30T15:41:29.976409 #2480]  INFO -- : 0:  blankslate (2.1.2.4) from /Users/arturenault/.rvm/gems/ruby-2.0.0-p353@cpa_website/specifications/blankslate-2.1.2.4.gemspec
I, [2014-05-30T15:41:29.976615 #2480]  INFO -- : 0:  fast-stemmer (1.0.2) from /Users/arturenault/.rvm/gems/ruby-2.0.0-p353@cpa_website/specifications/fast-stemmer-1.0.2.gemspec
I, [2014-05-30T15:41:29.976800 #2480]  INFO -- : 0:  classifier (1.3.4) from /Users/arturenault/.rvm/gems/ruby-2.0.0-p353@cpa_website/specifications/classifier-1.3.4.gemspec
I, [2014-05-30T15:41:29.976969 #2480]  INFO -- : 0:  colorator (0.1) from /Users/arturenault/.rvm/gems/ruby-2.0.0-p353@cpa_website/specifications/colorator-0.1.gemspec
I, [2014-05-30T15:41:30.491817 #2480]  INFO -- : 0:  highline (1.6.21) from /Users/arturenault/.rvm/gems/ruby-2.0.0-p353@cpa_website/specifications/highline-1.6.21.gemspec
I, [2014-05-30T15:41:30.959935 #2480]  INFO -- : 0:  commander (4.1.6) from /Users/arturenault/.rvm/gems/ruby-2.0.0-p353@cpa_website/specifications/commander-4.1.6.gemspec
I, [2014-05-30T15:41:30.960222 #2480]  INFO -- : 0:  ffi (1.9.3) from /Users/arturenault/.rvm/gems/ruby-2.0.0-p353@cpa_website/specifications/ffi-1.9.3.gemspec
I, [2014-05-30T15:41:30.960403 #2480]  INFO -- : 0:  liquid (2.5.5) from /Users/arturenault/.rvm/gems/ruby-2.0.0-p353@cpa_website/specifications/liquid-2.5.5.gemspec
I, [2014-05-30T15:41:30.960569 #2480]  INFO -- : 0:  rb-fsevent (0.9.4) from /Users/arturenault/.rvm/gems/ruby-2.0.0-p353@cpa_website/specifications/rb-fsevent-0.9.4.gemspec
I, [2014-05-30T15:41:31.655705 #2480]  INFO -- : 0:  rb-inotify (0.9.3) from /Users/arturenault/.rvm/gems/ruby-2.0.0-p353@cpa_website/specifications/rb-inotify-0.9.3.gemspec
I, [2014-05-30T15:41:32.102453 #2480]  INFO -- : 0:  rb-kqueue (0.2.2) from /Users/arturenault/.rvm/gems/ruby-2.0.0-p353@cpa_website/specifications/rb-kqueue-0.2.2.gemspec
I, [2014-05-30T15:41:32.535140 #2480]  INFO -- : 0:  listen (1.3.1) from /Users/arturenault/.rvm/gems/ruby-2.0.0-p353@cpa_website/specifications/listen-1.3.1.gemspec
I, [2014-05-30T15:41:33.081057 #2480]  INFO -- : 0:  maruku (0.7.0) from /Users/arturenault/.rvm/gems/ruby-2.0.0-p353@cpa_website/specifications/maruku-0.7.0.gemspec
I, [2014-05-30T15:41:33.081317 #2480]  INFO -- : 0:  posix-spawn (0.3.8) from /Users/arturenault/.rvm/gems/ruby-2.0.0-p353@cpa_website/specifications/posix-spawn-0.3.8.gemspec
I, [2014-05-30T15:41:33.081477 #2480]  INFO -- : 0:  yajl-ruby (1.1.0) from /Users/arturenault/.rvm/gems/ruby-2.0.0-p353@cpa_website/specifications/yajl-ruby-1.1.0.gemspec
I, [2014-05-30T15:41:33.081636 #2480]  INFO -- : 0:  pygments.rb (0.5.4) from /Users/arturenault/.rvm/gems/ruby-2.0.0-p353@cpa_website/specifications/pygments.rb-0.5.4.gemspec
I, [2014-05-30T15:41:34.408209 #2480]  INFO -- : 0:  redcarpet (2.3.0) from /Users/arturenault/.rvm/gems/ruby-2.0.0-p353@cpa_website/specifications/redcarpet-2.3.0.gemspec
I, [2014-05-30T15:41:34.863085 #2480]  INFO -- : 0:  safe_yaml (0.9.7) from /Users/arturenault/.rvm/gems/ruby-2.0.0-p353@cpa_website/specifications/safe_yaml-0.9.7.gemspec
I, [2014-05-30T15:41:34.863362 #2480]  INFO -- : 0:  parslet (1.5.0) from /Users/arturenault/.rvm/gems/ruby-2.0.0-p353@cpa_website/specifications/parslet-1.5.0.gemspec
I, [2014-05-30T15:41:34.863548 #2480]  INFO -- : 0:  toml (0.1.1) from /Users/arturenault/.rvm/gems/ruby-2.0.0-p353@cpa_website/specifications/toml-0.1.1.gemspec
I, [2014-05-30T15:41:35.437318 #2480]  INFO -- : 0:  jekyll (1.4.3) from /Users/arturenault/.rvm/gems/ruby-2.0.0-p353@cpa_website/specifications/jekyll-1.4.3.gemspec
I, [2014-05-30T15:41:36.386619 #2480]  INFO -- : 0:  kramdown (1.3.1) from /Users/arturenault/.rvm/gems/ruby-2.0.0-p353@cpa_website/specifications/kramdown-1.3.1.gemspec
I, [2014-05-30T15:41:38.813126 #2480]  INFO -- : 0:  rdiscount (2.1.7) from /Users/arturenault/.rvm/gems/ruby-2.0.0-p353@cpa_website/specifications/rdiscount-2.1.7.gemspec
I, [2014-05-30T15:41:39.574611 #2480]  INFO -- : 0:  github-pages (15) from /Users/arturenault/.rvm/gems/ruby-2.0.0-p353@cpa_website/specifications/github-pages-15.gemspec
I, [2014-05-30T15:41:39.575047 #2480]  INFO -- : 0:  bundler (1.5.1) from /Users/arturenault/.rvm/gems/ruby-2.0.0-p353@global/specifications/bundler-1.5.1.gemspec
I, [2014-07-15T17:12:43.130547 #2752]  INFO -- : 0:  RedCloth (4.2.9) from /Users/arturenault/.rvm/gems/ruby-2.0.0-p353@cpa_website/specifications/RedCloth-4.2.9.gemspec
I, [2014-07-15T17:12:43.133554 #2752]  INFO -- : 0:  blankslate (2.1.2.4) from /Users/arturenault/.rvm/gems/ruby-2.0.0-p353@cpa_website/specifications/blankslate-2.1.2.4.gemspec
I, [2014-07-15T17:12:43.133731 #2752]  INFO -- : 0:  fast-stemmer (1.0.2) from /Users/arturenault/.rvm/gems/ruby-2.0.0-p353@cpa_website/specifications/fast-stemmer-1.0.2.gemspec
I, [2014-07-15T17:12:43.133896 #2752]  INFO -- : 0:  classifier (1.3.4) from /Users/arturenault/.rvm/gems/ruby-2.0.0-p353@cpa_website/specifications/classifier-1.3.4.gemspec
I, [2014-07-15T17:12:43.134057 #2752]  INFO -- : 0:  colorator (0.1) from /Users/arturenault/.rvm/gems/ruby-2.0.0-p353@cpa_website/specifications/colorator-0.1.gemspec
I, [2014-07-15T17:12:43.134225 #2752]  INFO -- : 0:  highline (1.6.21) from /Users/arturenault/.rvm/gems/ruby-2.0.0-p353@cpa_website/specifications/highline-1.6.21.gemspec
I, [2014-07-15T17:12:43.134387 #2752]  INFO -- : 0:  commander (4.1.6) from /Users/arturenault/.rvm/gems/ruby-2.0.0-p353@cpa_website/specifications/commander-4.1.6.gemspec
I, [2014-07-15T17:12:43.134543 #2752]  INFO -- : 0:  ffi (1.9.3) from /Users/arturenault/.rvm/gems/ruby-2.0.0-p353@cpa_website/specifications/ffi-1.9.3.gemspec
I, [2014-07-15T17:12:43.134705 #2752]  INFO -- : 0:  liquid (2.5.5) from /Users/arturenault/.rvm/gems/ruby-2.0.0-p353@cpa_website/specifications/liquid-2.5.5.gemspec
I, [2014-07-15T17:12:43.134863 #2752]  INFO -- : 0:  rb-fsevent (0.9.4) from /Users/arturenault/.rvm/gems/ruby-2.0.0-p353@cpa_website/specifications/rb-fsevent-0.9.4.gemspec
I, [2014-07-15T17:12:43.135042 #2752]  INFO -- : 0:  rb-inotify (0.9.3) from /Users/arturenault/.rvm/gems/ruby-2.0.0-p353@cpa_website/specifications/rb-inotify-0.9.3.gemspec
I, [2014-07-15T17:12:43.135231 #2752]  INFO -- : 0:  rb-kqueue (0.2.2) from /Users/arturenault/.rvm/gems/ruby-2.0.0-p353@cpa_website/specifications/rb-kqueue-0.2.2.gemspec
I, [2014-07-15T17:12:43.135423 #2752]  INFO -- : 0:  listen (1.3.1) from /Users/arturenault/.rvm/gems/ruby-2.0.0-p353@cpa_website/specifications/listen-1.3.1.gemspec
I, [2014-07-15T17:12:43.135610 #2752]  INFO -- : 0:  maruku (0.7.0) from /Users/arturenault/.rvm/gems/ruby-2.0.0-p353@cpa_website/specifications/maruku-0.7.0.gemspec
I, [2014-07-15T17:12:43.135795 #2752]  INFO -- : 0:  posix-spawn (0.3.8) from /Users/arturenault/.rvm/gems/ruby-2.0.0-p353@cpa_website/specifications/posix-spawn-0.3.8.gemspec
I, [2014-07-15T17:12:43.135980 #2752]  INFO -- : 0:  yajl-ruby (1.1.0) from /Users/arturenault/.rvm/gems/ruby-2.0.0-p353@cpa_website/specifications/yajl-ruby-1.1.0.gemspec
I, [2014-07-15T17:12:43.136170 #2752]  INFO -- : 0:  pygments.rb (0.5.4) from /Users/arturenault/.rvm/gems/ruby-2.0.0-p353@cpa_website/specifications/pygments.rb-0.5.4.gemspec
I, [2014-07-15T17:12:43.136360 #2752]  INFO -- : 0:  redcarpet (2.3.0) from /Users/arturenault/.rvm/gems/ruby-2.0.0-p353@cpa_website/specifications/redcarpet-2.3.0.gemspec
I, [2014-07-15T17:12:43.136529 #2752]  INFO -- : 0:  safe_yaml (0.9.7) from /Users/arturenault/.rvm/gems/ruby-2.0.0-p353@cpa_website/specifications/safe_yaml-0.9.7.gemspec
I, [2014-07-15T17:12:43.136695 #2752]  INFO -- : 0:  parslet (1.5.0) from /Users/arturenault/.rvm/gems/ruby-2.0.0-p353@cpa_website/specifications/parslet-1.5.0.gemspec
I, [2014-07-15T17:12:43.136860 #2752]  INFO -- : 0:  toml (0.1.1) from /Users/arturenault/.rvm/gems/ruby-2.0.0-p353@cpa_website/specifications/toml-0.1.1.gemspec
I, [2014-07-15T17:12:43.137026 #2752]  INFO -- : 0:  jekyll (1.4.3) from /Users/arturenault/.rvm/gems/ruby-2.0.0-p353@cpa_website/specifications/jekyll-1.4.3.gemspec
I, [2014-07-15T17:12:43.137191 #2752]  INFO -- : 0:  kramdown (1.3.1) from /Users/arturenault/.rvm/gems/ruby-2.0.0-p353@cpa_website/specifications/kramdown-1.3.1.gemspec
I, [2014-07-15T17:12:43.137341 #2752]  INFO -- : 0:  rdiscount (2.1.7) from /Users/arturenault/.rvm/gems/ruby-2.0.0-p353@cpa_website/specifications/rdiscount-2.1.7.gemspec
I, [2014-07-15T17:12:43.137491 #2752]  INFO -- : 0:  github-pages (15) from /Users/arturenault/.rvm/gems/ruby-2.0.0-p353@cpa_website/specifications/github-pages-15.gemspec
I, [2014-07-15T17:12:43.137633 #2752]  INFO -- : 0:  bundler (1.5.1) from /Users/arturenault/.rvm/gems/ruby-2.0.0-p353@global/specifications/bundler-1.5.1.gemspec
I, [2014-07-15T21:20:04.127889 #5889]  INFO -- : 0:  RedCloth (4.2.9) from /Users/arturenault/.rvm/gems/ruby-2.0.0-p353@cpa_website/specifications/RedCloth-4.2.9.gemspec
I, [2014-07-15T21:20:04.130324 #5889]  INFO -- : 0:  blankslate (2.1.2.4) from /Users/arturenault/.rvm/gems/ruby-2.0.0-p353@cpa_website/specifications/blankslate-2.1.2.4.gemspec
I, [2014-07-15T21:20:04.130523 #5889]  INFO -- : 0:  fast-stemmer (1.0.2) from /Users/arturenault/.rvm/gems/ruby-2.0.0-p353@cpa_website/specifications/fast-stemmer-1.0.2.gemspec
I, [2014-07-15T21:20:04.130710 #5889]  INFO -- : 0:  classifier (1.3.4) from /Users/arturenault/.rvm/gems/ruby-2.0.0-p353@cpa_website/specifications/classifier-1.3.4.gemspec
I, [2014-07-15T21:20:04.130886 #5889]  INFO -- : 0:  colorator (0.1) from /Users/arturenault/.rvm/gems/ruby-2.0.0-p353@cpa_website/specifications/colorator-0.1.gemspec
I, [2014-07-15T21:20:04.131072 #5889]  INFO -- : 0:  highline (1.6.21) from /Users/arturenault/.rvm/gems/ruby-2.0.0-p353@cpa_website/specifications/highline-1.6.21.gemspec
I, [2014-07-15T21:20:04.131262 #5889]  INFO -- : 0:  commander (4.1.6) from /Users/arturenault/.rvm/gems/ruby-2.0.0-p353@cpa_website/specifications/commander-4.1.6.gemspec
I, [2014-07-15T21:20:04.131452 #5889]  INFO -- : 0:  ffi (1.9.3) from /Users/arturenault/.rvm/gems/ruby-2.0.0-p353@cpa_website/specifications/ffi-1.9.3.gemspec
I, [2014-07-15T21:20:04.131651 #5889]  INFO -- : 0:  liquid (2.5.5) from /Users/arturenault/.rvm/gems/ruby-2.0.0-p353@cpa_website/specifications/liquid-2.5.5.gemspec
I, [2014-07-15T21:20:04.131848 #5889]  INFO -- : 0:  rb-fsevent (0.9.4) from /Users/arturenault/.rvm/gems/ruby-2.0.0-p353@cpa_website/specifications/rb-fsevent-0.9.4.gemspec
I, [2014-07-15T21:20:04.132063 #5889]  INFO -- : 0:  rb-inotify (0.9.3) from /Users/arturenault/.rvm/gems/ruby-2.0.0-p353@cpa_website/specifications/rb-inotify-0.9.3.gemspec
I, [2014-07-15T21:20:04.132283 #5889]  INFO -- : 0:  rb-kqueue (0.2.2) from /Users/arturenault/.rvm/gems/ruby-2.0.0-p353@cpa_website/specifications/rb-kqueue-0.2.2.gemspec
I, [2014-07-15T21:20:04.132486 #5889]  INFO -- : 0:  listen (1.3.1) from /Users/arturenault/.rvm/gems/ruby-2.0.0-p353@cpa_website/specifications/listen-1.3.1.gemspec
I, [2014-07-15T21:20:04.132685 #5889]  INFO -- : 0:  maruku (0.7.0) from /Users/arturenault/.rvm/gems/ruby-2.0.0-p353@cpa_website/specifications/maruku-0.7.0.gemspec
I, [2014-07-15T21:20:04.132888 #5889]  INFO -- : 0:  posix-spawn (0.3.8) from /Users/arturenault/.rvm/gems/ruby-2.0.0-p353@cpa_website/specifications/posix-spawn-0.3.8.gemspec
I, [2014-07-15T21:20:04.133082 #5889]  INFO -- : 0:  yajl-ruby (1.1.0) from /Users/arturenault/.rvm/gems/ruby-2.0.0-p353@cpa_website/specifications/yajl-ruby-1.1.0.gemspec
I, [2014-07-15T21:20:04.133288 #5889]  INFO -- : 0:  pygments.rb (0.5.4) from /Users/arturenault/.rvm/gems/ruby-2.0.0-p353@cpa_website/specifications/pygments.rb-0.5.4.gemspec
I, [2014-07-15T21:20:04.133491 #5889]  INFO -- : 0:  redcarpet (2.3.0) from /Users/arturenault/.rvm/gems/ruby-2.0.0-p353@cpa_website/specifications/redcarpet-2.3.0.gemspec
I, [2014-07-15T21:20:04.133695 #5889]  INFO -- : 0:  safe_yaml (0.9.7) from /Users/arturenault/.rvm/gems/ruby-2.0.0-p353@cpa_website/specifications/safe_yaml-0.9.7.gemspec
I, [2014-07-15T21:20:04.133896 #5889]  INFO -- : 0:  parslet (1.5.0) from /Users/arturenault/.rvm/gems/ruby-2.0.0-p353@cpa_website/specifications/parslet-1.5.0.gemspec
I, [2014-07-15T21:20:04.134108 #5889]  INFO -- : 0:  toml (0.1.1) from /Users/arturenault/.rvm/gems/ruby-2.0.0-p353@cpa_website/specifications/toml-0.1.1.gemspec
I, [2014-07-15T21:20:04.134315 #5889]  INFO -- : 0:  jekyll (1.4.3) from /Users/arturenault/.rvm/gems/ruby-2.0.0-p353@cpa_website/specifications/jekyll-1.4.3.gemspec
I, [2014-07-15T21:20:04.134508 #5889]  INFO -- : 0:  kramdown (1.3.1) from /Users/arturenault/.rvm/gems/ruby-2.0.0-p353@cpa_website/specifications/kramdown-1.3.1.gemspec
I, [2014-07-15T21:20:04.134706 #5889]  INFO -- : 0:  rdiscount (2.1.7) from /Users/arturenault/.rvm/gems/ruby-2.0.0-p353@cpa_website/specifications/rdiscount-2.1.7.gemspec
I, [2014-07-15T21:20:04.134901 #5889]  INFO -- : 0:  github-pages (15) from /Users/arturenault/.rvm/gems/ruby-2.0.0-p353@cpa_website/specifications/github-pages-15.gemspec
I, [2014-07-15T21:20:04.135091 #5889]  INFO -- : 0:  sass (3.3.10) from /Users/arturenault/.rvm/gems/ruby-2.0.0-p353@cpa_website/specifications/sass-3.3.10.gemspec
I, [2014-07-15T21:20:04.135272 #5889]  INFO -- : 0:  bundler (1.5.1) from /Users/arturenault/.rvm/gems/ruby-2.0.0-p353@global/specifications/bundler-1.5.1.gemspec
I, [2014-07-15T22:26:38.237608 #9031]  INFO -- : 0:  rake (10.3.2) from /Users/arturenault/.rvm/gems/ruby-2.0.0-p353@global/specifications/rake-10.3.2.gemspec
I, [2014-07-15T22:26:38.237887 #9031]  INFO -- : 0:  RedCloth (4.2.9) from /Users/arturenault/.rvm/gems/ruby-2.0.0-p353@cpa_website/specifications/RedCloth-4.2.9.gemspec
I, [2014-07-15T22:26:38.238092 #9031]  INFO -- : 0:  blankslate (2.1.2.4) from /Users/arturenault/.rvm/gems/ruby-2.0.0-p353@cpa_website/specifications/blankslate-2.1.2.4.gemspec
I, [2014-07-15T22:26:38.238300 #9031]  INFO -- : 0:  fast-stemmer (1.0.2) from /Users/arturenault/.rvm/gems/ruby-2.0.0-p353@cpa_website/specifications/fast-stemmer-1.0.2.gemspec
I, [2014-07-15T22:26:38.238502 #9031]  INFO -- : 0:  classifier (1.3.4) from /Users/arturenault/.rvm/gems/ruby-2.0.0-p353@cpa_website/specifications/classifier-1.3.4.gemspec
I, [2014-07-15T22:26:38.238712 #9031]  INFO -- : 0:  colorator (0.1) from /Users/arturenault/.rvm/gems/ruby-2.0.0-p353@cpa_website/specifications/colorator-0.1.gemspec
I, [2014-07-15T22:26:38.238921 #9031]  INFO -- : 0:  highline (1.6.21) from /Users/arturenault/.rvm/gems/ruby-2.0.0-p353@cpa_website/specifications/highline-1.6.21.gemspec
I, [2014-07-15T22:26:38.239119 #9031]  INFO -- : 0:  commander (4.1.6) from /Users/arturenault/.rvm/gems/ruby-2.0.0-p353@cpa_website/specifications/commander-4.1.6.gemspec
I, [2014-07-15T22:26:38.239315 #9031]  INFO -- : 0:  ffi (1.9.3) from /Users/arturenault/.rvm/gems/ruby-2.0.0-p353@cpa_website/specifications/ffi-1.9.3.gemspec
I, [2014-07-15T22:26:38.239516 #9031]  INFO -- : 0:  liquid (2.5.5) from /Users/arturenault/.rvm/gems/ruby-2.0.0-p353@cpa_website/specifications/liquid-2.5.5.gemspec
I, [2014-07-15T22:26:38.239725 #9031]  INFO -- : 0:  rb-fsevent (0.9.4) from /Users/arturenault/.rvm/gems/ruby-2.0.0-p353@cpa_website/specifications/rb-fsevent-0.9.4.gemspec
I, [2014-07-15T22:26:38.239928 #9031]  INFO -- : 0:  rb-inotify (0.9.3) from /Users/arturenault/.rvm/gems/ruby-2.0.0-p353@cpa_website/specifications/rb-inotify-0.9.3.gemspec
I, [2014-07-15T22:26:38.240128 #9031]  INFO -- : 0:  rb-kqueue (0.2.2) from /Users/arturenault/.rvm/gems/ruby-2.0.0-p353@cpa_website/specifications/rb-kqueue-0.2.2.gemspec
I, [2014-07-15T22:26:38.240333 #9031]  INFO -- : 0:  listen (1.3.1) from /Users/arturenault/.rvm/gems/ruby-2.0.0-p353@cpa_website/specifications/listen-1.3.1.gemspec
I, [2014-07-15T22:26:38.240531 #9031]  INFO -- : 0:  maruku (0.7.0) from /Users/arturenault/.rvm/gems/ruby-2.0.0-p353@cpa_website/specifications/maruku-0.7.0.gemspec
I, [2014-07-15T22:26:38.240729 #9031]  INFO -- : 0:  posix-spawn (0.3.8) from /Users/arturenault/.rvm/gems/ruby-2.0.0-p353@cpa_website/specifications/posix-spawn-0.3.8.gemspec
I, [2014-07-15T22:26:38.240923 #9031]  INFO -- : 0:  yajl-ruby (1.1.0) from /Users/arturenault/.rvm/gems/ruby-2.0.0-p353@cpa_website/specifications/yajl-ruby-1.1.0.gemspec
I, [2014-07-15T22:26:38.241138 #9031]  INFO -- : 0:  pygments.rb (0.5.4) from /Users/arturenault/.rvm/gems/ruby-2.0.0-p353@cpa_website/specifications/pygments.rb-0.5.4.gemspec
I, [2014-07-15T22:26:38.241343 #9031]  INFO -- : 0:  redcarpet (2.3.0) from /Users/arturenault/.rvm/gems/ruby-2.0.0-p353@cpa_website/specifications/redcarpet-2.3.0.gemspec
I, [2014-07-15T22:26:38.241540 #9031]  INFO -- : 0:  safe_yaml (0.9.7) from /Users/arturenault/.rvm/gems/ruby-2.0.0-p353@cpa_website/specifications/safe_yaml-0.9.7.gemspec
I, [2014-07-15T22:26:38.241738 #9031]  INFO -- : 0:  parslet (1.5.0) from /Users/arturenault/.rvm/gems/ruby-2.0.0-p353@cpa_website/specifications/parslet-1.5.0.gemspec
I, [2014-07-15T22:26:38.241940 #9031]  INFO -- : 0:  toml (0.1.1) from /Users/arturenault/.rvm/gems/ruby-2.0.0-p353@cpa_website/specifications/toml-0.1.1.gemspec
I, [2014-07-15T22:26:38.242226 #9031]  INFO -- : 0:  jekyll (1.4.3) from /Users/arturenault/.rvm/gems/ruby-2.0.0-p353@cpa_website/specifications/jekyll-1.4.3.gemspec
I, [2014-07-15T22:26:38.242437 #9031]  INFO -- : 0:  kramdown (1.3.1) from /Users/arturenault/.rvm/gems/ruby-2.0.0-p353@cpa_website/specifications/kramdown-1.3.1.gemspec
I, [2014-07-15T22:26:38.242643 #9031]  INFO -- : 0:  rdiscount (2.1.7) from /Users/arturenault/.rvm/gems/ruby-2.0.0-p353@cpa_website/specifications/rdiscount-2.1.7.gemspec
I, [2014-07-15T22:26:38.242838 #9031]  INFO -- : 0:  github-pages (15) from /Users/arturenault/.rvm/gems/ruby-2.0.0-p353@cpa_website/specifications/github-pages-15.gemspec
I, [2014-07-15T22:26:38.243033 #9031]  INFO -- : 0:  sass (3.3.10) from /Users/arturenault/.rvm/gems/ruby-2.0.0-p353@cpa_website/specifications/sass-3.3.10.gemspec
I, [2014-07-15T22:26:38.243224 #9031]  INFO -- : 0:  bundler (1.5.1) from /Users/arturenault/.rvm/gems/ruby-2.0.0-p353@global/specifications/bundler-1.5.1.gemspec
I, [2014-08-07T18:05:02.316480 #18992]  INFO -- : 0:  rake (10.3.2) from /Users/arturenault/.rvm/gems/ruby-2.0.0-p353@global/specifications/rake-10.3.2.gemspec
I, [2014-08-07T18:05:02.318673 #18992]  INFO -- : 0:  RedCloth (4.2.9) from /Users/arturenault/.rvm/gems/ruby-2.0.0-p353@cpa_website/specifications/RedCloth-4.2.9.gemspec
I, [2014-08-07T18:05:03.975871 #18992]  INFO -- : 0:  i18n (0.6.11) from /Users/arturenault/.rvm/gems/ruby-2.0.0-p353@cpa_website/specifications/i18n-0.6.11.gemspec
I, [2014-08-07T18:05:03.976170 #18992]  INFO -- : 0:  json (1.8.1) from /Users/arturenault/.rvm/gems/ruby-2.0.0-p353@cpa_website/specifications/json-1.8.1.gemspec
I, [2014-08-07T18:05:05.285732 #18992]  INFO -- : 0:  minitest (5.4.0) from /Users/arturenault/.rvm/gems/ruby-2.0.0-p353@cpa_website/specifications/minitest-5.4.0.gemspec
I, [2014-08-07T18:05:06.529486 #18992]  INFO -- : 0:  thread_safe (0.3.4) from /Users/arturenault/.rvm/gems/ruby-2.0.0-p353@cpa_website/specifications/thread_safe-0.3.4.gemspec
I, [2014-08-07T18:05:07.850642 #18992]  INFO -- : 0:  tzinfo (1.2.1) from /Users/arturenault/.rvm/gems/ruby-2.0.0-p353@cpa_website/specifications/tzinfo-1.2.1.gemspec
I, [2014-08-07T18:05:08.634204 #18992]  INFO -- : 0:  activesupport (4.1.4) from /Users/arturenault/.rvm/gems/ruby-2.0.0-p353@cpa_website/specifications/activesupport-4.1.4.gemspec
I, [2014-08-07T18:05:08.634492 #18992]  INFO -- : 0:  blankslate (2.1.2.4) from /Users/arturenault/.rvm/gems/ruby-2.0.0-p353@cpa_website/specifications/blankslate-2.1.2.4.gemspec
I, [2014-08-07T18:05:08.634680 #18992]  INFO -- : 0:  timers (1.1.0) from /Users/arturenault/.rvm/gems/ruby-2.0.0-p353@cpa_website/specifications/timers-1.1.0.gemspec
I, [2014-08-07T18:05:08.634859 #18992]  INFO -- : 0:  celluloid (0.15.2) from /Users/arturenault/.rvm/gems/ruby-2.0.0-p353@cpa_website/specifications/celluloid-0.15.2.gemspec
I, [2014-08-07T18:05:08.635035 #18992]  INFO -- : 0:  fast-stemmer (1.0.2) from /Users/arturenault/.rvm/gems/ruby-2.0.0-p353@cpa_website/specifications/fast-stemmer-1.0.2.gemspec
I, [2014-08-07T18:05:08.635208 #18992]  INFO -- : 0:  classifier (1.3.4) from /Users/arturenault/.rvm/gems/ruby-2.0.0-p353@cpa_website/specifications/classifier-1.3.4.gemspec
I, [2014-08-07T18:05:09.868661 #18992]  INFO -- : 0:  coffee-script-source (1.7.1) from /Users/arturenault/.rvm/gems/ruby-2.0.0-p353@cpa_website/specifications/coffee-script-source-1.7.1.gemspec
I, [2014-08-07T18:05:10.969681 #18992]  INFO -- : 0:  execjs (2.2.1) from /Users/arturenault/.rvm/gems/ruby-2.0.0-p353@cpa_website/specifications/execjs-2.2.1.gemspec
I, [2014-08-07T18:05:12.009614 #18992]  INFO -- : 0:  coffee-script (2.3.0) from /Users/arturenault/.rvm/gems/ruby-2.0.0-p353@cpa_website/specifications/coffee-script-2.3.0.gemspec
I, [2014-08-07T18:05:12.009936 #18992]  INFO -- : 0:  colorator (0.1) from /Users/arturenault/.rvm/gems/ruby-2.0.0-p353@cpa_website/specifications/colorator-0.1.gemspec
I, [2014-08-07T18:05:12.010146 #18992]  INFO -- : 0:  ffi (1.9.3) from /Users/arturenault/.rvm/gems/ruby-2.0.0-p353@cpa_website/specifications/ffi-1.9.3.gemspec
I, [2014-08-07T18:05:15.200534 #18992]  INFO -- : 0:  gemoji (2.1.0) from /Users/arturenault/.rvm/gems/ruby-2.0.0-p353@cpa_website/specifications/gemoji-2.1.0.gemspec
I, [2014-08-07T18:05:15.200829 #18992]  INFO -- : 0:  jekyll-coffeescript (1.0.0) from /Users/arturenault/.rvm/gems/ruby-2.0.0-p353@cpa_website/specifications/jekyll-coffeescript-1.0.0.gemspec
I, [2014-08-07T18:05:15.201019 #18992]  INFO -- : 0:  jekyll-gist (1.1.0) from /Users/arturenault/.rvm/gems/ruby-2.0.0-p353@cpa_website/specifications/jekyll-gist-1.1.0.gemspec
I, [2014-08-07T18:05:15.201195 #18992]  INFO -- : 0:  jekyll-paginate (1.0.0) from /Users/arturenault/.rvm/gems/ruby-2.0.0-p353@cpa_website/specifications/jekyll-paginate-1.0.0.gemspec
I, [2014-08-07T18:05:15.201370 #18992]  INFO -- : 0:  sass (3.3.10) from /Users/arturenault/.rvm/gems/ruby-2.0.0-p353@cpa_website/specifications/sass-3.3.10.gemspec
I, [2014-08-07T18:05:16.177176 #18992]  INFO -- : 0:  jekyll-sass-converter (1.2.0) from /Users/arturenault/.rvm/gems/ruby-2.0.0-p353@cpa_website/specifications/jekyll-sass-converter-1.2.0.gemspec
I, [2014-08-07T18:05:16.177435 #18992]  INFO -- : 0:  rb-fsevent (0.9.4) from /Users/arturenault/.rvm/gems/ruby-2.0.0-p353@cpa_website/specifications/rb-fsevent-0.9.4.gemspec
I, [2014-08-07T18:05:16.732453 #18992]  INFO -- : 0:  rb-inotify (0.9.5) from /Users/arturenault/.rvm/gems/ruby-2.0.0-p353@cpa_website/specifications/rb-inotify-0.9.5.gemspec
I, [2014-08-07T18:05:17.299253 #18992]  INFO -- : 0:  listen (2.7.9) from /Users/arturenault/.rvm/gems/ruby-2.0.0-p353@cpa_website/specifications/listen-2.7.9.gemspec
I, [2014-08-07T18:05:17.299500 #18992]  INFO -- : 0:  jekyll-watch (1.0.0) from /Users/arturenault/.rvm/gems/ruby-2.0.0-p353@cpa_website/specifications/jekyll-watch-1.0.0.gemspec
I, [2014-08-07T18:05:17.299670 #18992]  INFO -- : 0:  kramdown (1.3.1) from /Users/arturenault/.rvm/gems/ruby-2.0.0-p353@cpa_website/specifications/kramdown-1.3.1.gemspec
I, [2014-08-07T18:05:17.299834 #18992]  INFO -- : 0:  liquid (2.6.1) from /Users/arturenault/.rvm/gems/ruby-2.0.0-p353@cpa_website/specifications/liquid-2.6.1.gemspec
I, [2014-08-07T18:05:18.446547 #18992]  INFO -- : 0:  mercenary (0.3.4) from /Users/arturenault/.rvm/gems/ruby-2.0.0-p353@cpa_website/specifications/mercenary-0.3.4.gemspec
I, [2014-08-07T18:05:20.945070 #18992]  INFO -- : 0:  posix-spawn (0.3.9) from /Users/arturenault/.rvm/gems/ruby-2.0.0-p353@cpa_website/specifications/posix-spawn-0.3.9.gemspec
I, [2014-08-07T18:05:20.945555 #18992]  INFO -- : 0:  yajl-ruby (1.1.0) from /Users/arturenault/.rvm/gems/ruby-2.0.0-p353@cpa_website/specifications/yajl-ruby-1.1.0.gemspec
I, [2014-08-07T18:05:20.945839 #18992]  INFO -- : 0:  pygments.rb (0.6.0) from /Users/arturenault/.rvm/gems/ruby-2.0.0-p353@cpa_website/specifications/pygments.rb-0.6.0.gemspec
I, [2014-08-07T18:05:20.946077 #18992]  INFO -- : 0:  redcarpet (3.1.2) from /Users/arturenault/.rvm/gems/ruby-2.0.0-p353@cpa_website/specifications/redcarpet-3.1.2.gemspec
I, [2014-08-07T18:05:20.946314 #18992]  INFO -- : 0:  safe_yaml (1.0.3) from /Users/arturenault/.rvm/gems/ruby-2.0.0-p353@cpa_website/specifications/safe_yaml-1.0.3.gemspec
I, [2014-08-07T18:05:20.946537 #18992]  INFO -- : 0:  parslet (1.5.0) from /Users/arturenault/.rvm/gems/ruby-2.0.0-p353@cpa_website/specifications/parslet-1.5.0.gemspec
I, [2014-08-07T18:05:20.946759 #18992]  INFO -- : 0:  toml (0.1.1) from /Users/arturenault/.rvm/gems/ruby-2.0.0-p353@cpa_website/specifications/toml-0.1.1.gemspec
I, [2014-08-07T18:05:23.191833 #18992]  INFO -- : 0:  jekyll (2.2.0) from /Users/arturenault/.rvm/gems/ruby-2.0.0-p353@cpa_website/specifications/jekyll-2.2.0.gemspec
I, [2014-08-07T18:05:24.281304 #18992]  INFO -- : 0:  mini_portile (0.6.0) from /Users/arturenault/.rvm/gems/ruby-2.0.0-p353@cpa_website/specifications/mini_portile-0.6.0.gemspec
I, [2014-08-07T18:06:08.637143 #18992]  INFO -- : 0:  nokogiri (1.6.3.1) from /Users/arturenault/.rvm/gems/ruby-2.0.0-p353@cpa_website/specifications/nokogiri-1.6.3.1.gemspec
I, [2014-08-07T18:06:10.600015 #18992]  INFO -- : 0:  html-pipeline (1.9.0) from /Users/arturenault/.rvm/gems/ruby-2.0.0-p353@cpa_website/specifications/html-pipeline-1.9.0.gemspec
I, [2014-08-07T18:06:11.585260 #18992]  INFO -- : 0:  jekyll-mentions (0.1.3) from /Users/arturenault/.rvm/gems/ruby-2.0.0-p353@cpa_website/specifications/jekyll-mentions-0.1.3.gemspec
I, [2014-08-07T18:06:12.234137 #18992]  INFO -- : 0:  jekyll-redirect-from (0.4.0) from /Users/arturenault/.rvm/gems/ruby-2.0.0-p353@cpa_website/specifications/jekyll-redirect-from-0.4.0.gemspec
I, [2014-08-07T18:06:12.799300 #18992]  INFO -- : 0:  jekyll-sitemap (0.5.1) from /Users/arturenault/.rvm/gems/ruby-2.0.0-p353@cpa_website/specifications/jekyll-sitemap-0.5.1.gemspec
I, [2014-08-07T18:06:13.605697 #18992]  INFO -- : 0:  jemoji (0.3.0) from /Users/arturenault/.rvm/gems/ruby-2.0.0-p353@cpa_website/specifications/jemoji-0.3.0.gemspec
I, [2014-08-07T18:06:13.605947 #18992]  INFO -- : 0:  maruku (0.7.0) from /Users/arturenault/.rvm/gems/ruby-2.0.0-p353@cpa_website/specifications/maruku-0.7.0.gemspec
I, [2014-08-07T18:06:13.606116 #18992]  INFO -- : 0:  rdiscount (2.1.7) from /Users/arturenault/.rvm/gems/ruby-2.0.0-p353@cpa_website/specifications/rdiscount-2.1.7.gemspec
I, [2014-08-07T18:06:14.386561 #18992]  INFO -- : 0:  github-pages (22) from /Users/arturenault/.rvm/gems/ruby-2.0.0-p353@cpa_website/specifications/github-pages-22.gemspec
I, [2014-08-07T18:06:14.386815 #18992]  INFO -- : 0:  bundler (1.5.1) from /Users/arturenault/.rvm/gems/ruby-2.0.0-p353@global/specifications/bundler-1.5.1.gemspec
I, [2014-08-15T15:14:19.969444 #4536]  INFO -- : 0:  rake (10.3.2) from /Users/arturenault/.rvm/gems/ruby-2.0.0-p353@global/specifications/rake-10.3.2.gemspec
I, [2014-08-15T15:14:19.973261 #4536]  INFO -- : 0:  RedCloth (4.2.9) from /Users/arturenault/.rvm/gems/ruby-2.0.0-p353@cpa_website/specifications/RedCloth-4.2.9.gemspec
I, [2014-08-15T15:14:19.973486 #4536]  INFO -- : 0:  i18n (0.6.11) from /Users/arturenault/.rvm/gems/ruby-2.0.0-p353@cpa_website/specifications/i18n-0.6.11.gemspec
I, [2014-08-15T15:14:19.973676 #4536]  INFO -- : 0:  json (1.8.1) from /Users/arturenault/.rvm/gems/ruby-2.0.0-p353@cpa_website/specifications/json-1.8.1.gemspec
I, [2014-08-15T15:14:19.973849 #4536]  INFO -- : 0:  minitest (5.4.0) from /Users/arturenault/.rvm/gems/ruby-2.0.0-p353@cpa_website/specifications/minitest-5.4.0.gemspec
I, [2014-08-15T15:14:19.974022 #4536]  INFO -- : 0:  thread_safe (0.3.4) from /Users/arturenault/.rvm/gems/ruby-2.0.0-p353@cpa_website/specifications/thread_safe-0.3.4.gemspec
I, [2014-08-15T15:14:19.974192 #4536]  INFO -- : 0:  tzinfo (1.2.1) from /Users/arturenault/.rvm/gems/ruby-2.0.0-p353@cpa_website/specifications/tzinfo-1.2.1.gemspec
I, [2014-08-15T15:14:19.974371 #4536]  INFO -- : 0:  activesupport (4.1.4) from /Users/arturenault/.rvm/gems/ruby-2.0.0-p353@cpa_website/specifications/activesupport-4.1.4.gemspec
I, [2014-08-15T15:14:19.974537 #4536]  INFO -- : 0:  blankslate (2.1.2.4) from /Users/arturenault/.rvm/gems/ruby-2.0.0-p353@cpa_website/specifications/blankslate-2.1.2.4.gemspec
I, [2014-08-15T15:14:19.974698 #4536]  INFO -- : 0:  timers (1.1.0) from /Users/arturenault/.rvm/gems/ruby-2.0.0-p353@cpa_website/specifications/timers-1.1.0.gemspec
I, [2014-08-15T15:14:19.974873 #4536]  INFO -- : 0:  celluloid (0.15.2) from /Users/arturenault/.rvm/gems/ruby-2.0.0-p353@cpa_website/specifications/celluloid-0.15.2.gemspec
I, [2014-08-15T15:14:19.975049 #4536]  INFO -- : 0:  fast-stemmer (1.0.2) from /Users/arturenault/.rvm/gems/ruby-2.0.0-p353@cpa_website/specifications/fast-stemmer-1.0.2.gemspec
I, [2014-08-15T15:14:19.975274 #4536]  INFO -- : 0:  classifier (1.3.4) from /Users/arturenault/.rvm/gems/ruby-2.0.0-p353@cpa_website/specifications/classifier-1.3.4.gemspec
I, [2014-08-15T15:14:19.975469 #4536]  INFO -- : 0:  coffee-script-source (1.7.1) from /Users/arturenault/.rvm/gems/ruby-2.0.0-p353@cpa_website/specifications/coffee-script-source-1.7.1.gemspec
I, [2014-08-15T15:14:19.975663 #4536]  INFO -- : 0:  execjs (2.2.1) from /Users/arturenault/.rvm/gems/ruby-2.0.0-p353@cpa_website/specifications/execjs-2.2.1.gemspec
I, [2014-08-15T15:14:19.975857 #4536]  INFO -- : 0:  coffee-script (2.3.0) from /Users/arturenault/.rvm/gems/ruby-2.0.0-p353@cpa_website/specifications/coffee-script-2.3.0.gemspec
I, [2014-08-15T15:14:19.976046 #4536]  INFO -- : 0:  colorator (0.1) from /Users/arturenault/.rvm/gems/ruby-2.0.0-p353@cpa_website/specifications/colorator-0.1.gemspec
I, [2014-08-15T15:14:19.976235 #4536]  INFO -- : 0:  ffi (1.9.3) from /Users/arturenault/.rvm/gems/ruby-2.0.0-p353@cpa_website/specifications/ffi-1.9.3.gemspec
I, [2014-08-15T15:14:19.976422 #4536]  INFO -- : 0:  gemoji (2.1.0) from /Users/arturenault/.rvm/gems/ruby-2.0.0-p353@cpa_website/specifications/gemoji-2.1.0.gemspec
I, [2014-08-15T15:14:19.976631 #4536]  INFO -- : 0:  jekyll-coffeescript (1.0.0) from /Users/arturenault/.rvm/gems/ruby-2.0.0-p353@cpa_website/specifications/jekyll-coffeescript-1.0.0.gemspec
I, [2014-08-15T15:14:19.976786 #4536]  INFO -- : 0:  jekyll-gist (1.1.0) from /Users/arturenault/.rvm/gems/ruby-2.0.0-p353@cpa_website/specifications/jekyll-gist-1.1.0.gemspec
I, [2014-08-15T15:14:19.976937 #4536]  INFO -- : 0:  jekyll-paginate (1.0.0) from /Users/arturenault/.rvm/gems/ruby-2.0.0-p353@cpa_website/specifications/jekyll-paginate-1.0.0.gemspec
I, [2014-08-15T15:14:19.977092 #4536]  INFO -- : 0:  sass (3.3.10) from /Users/arturenault/.rvm/gems/ruby-2.0.0-p353@cpa_website/specifications/sass-3.3.10.gemspec
I, [2014-08-15T15:14:19.977252 #4536]  INFO -- : 0:  jekyll-sass-converter (1.2.0) from /Users/arturenault/.rvm/gems/ruby-2.0.0-p353@cpa_website/specifications/jekyll-sass-converter-1.2.0.gemspec
I, [2014-08-15T15:14:19.977421 #4536]  INFO -- : 0:  rb-fsevent (0.9.4) from /Users/arturenault/.rvm/gems/ruby-2.0.0-p353@cpa_website/specifications/rb-fsevent-0.9.4.gemspec
I, [2014-08-15T15:14:19.977589 #4536]  INFO -- : 0:  rb-inotify (0.9.5) from /Users/arturenault/.rvm/gems/ruby-2.0.0-p353@cpa_website/specifications/rb-inotify-0.9.5.gemspec
I, [2014-08-15T15:14:19.977754 #4536]  INFO -- : 0:  listen (2.7.9) from /Users/arturenault/.rvm/gems/ruby-2.0.0-p353@cpa_website/specifications/listen-2.7.9.gemspec
I, [2014-08-15T15:14:19.977914 #4536]  INFO -- : 0:  jekyll-watch (1.0.0) from /Users/arturenault/.rvm/gems/ruby-2.0.0-p353@cpa_website/specifications/jekyll-watch-1.0.0.gemspec
I, [2014-08-15T15:14:19.978077 #4536]  INFO -- : 0:  kramdown (1.3.1) from /Users/arturenault/.rvm/gems/ruby-2.0.0-p353@cpa_website/specifications/kramdown-1.3.1.gemspec
I, [2014-08-15T15:14:19.978240 #4536]  INFO -- : 0:  liquid (2.6.1) from /Users/arturenault/.rvm/gems/ruby-2.0.0-p353@cpa_website/specifications/liquid-2.6.1.gemspec
I, [2014-08-15T15:14:19.978402 #4536]  INFO -- : 0:  mercenary (0.3.4) from /Users/arturenault/.rvm/gems/ruby-2.0.0-p353@cpa_website/specifications/mercenary-0.3.4.gemspec
I, [2014-08-15T15:14:19.978601 #4536]  INFO -- : 0:  posix-spawn (0.3.9) from /Users/arturenault/.rvm/gems/ruby-2.0.0-p353@cpa_website/specifications/posix-spawn-0.3.9.gemspec
I, [2014-08-15T15:14:19.978763 #4536]  INFO -- : 0:  yajl-ruby (1.1.0) from /Users/arturenault/.rvm/gems/ruby-2.0.0-p353@cpa_website/specifications/yajl-ruby-1.1.0.gemspec
I, [2014-08-15T15:14:19.978933 #4536]  INFO -- : 0:  pygments.rb (0.6.0) from /Users/arturenault/.rvm/gems/ruby-2.0.0-p353@cpa_website/specifications/pygments.rb-0.6.0.gemspec
I, [2014-08-15T15:14:19.979114 #4536]  INFO -- : 0:  redcarpet (3.1.2) from /Users/arturenault/.rvm/gems/ruby-2.0.0-p353@cpa_website/specifications/redcarpet-3.1.2.gemspec
I, [2014-08-15T15:14:19.979277 #4536]  INFO -- : 0:  safe_yaml (1.0.3) from /Users/arturenault/.rvm/gems/ruby-2.0.0-p353@cpa_website/specifications/safe_yaml-1.0.3.gemspec
I, [2014-08-15T15:14:19.979439 #4536]  INFO -- : 0:  parslet (1.5.0) from /Users/arturenault/.rvm/gems/ruby-2.0.0-p353@cpa_website/specifications/parslet-1.5.0.gemspec
I, [2014-08-15T15:14:19.979597 #4536]  INFO -- : 0:  toml (0.1.1) from /Users/arturenault/.rvm/gems/ruby-2.0.0-p353@cpa_website/specifications/toml-0.1.1.gemspec
I, [2014-08-15T15:14:19.979766 #4536]  INFO -- : 0:  jekyll (2.2.0) from /Users/arturenault/.rvm/gems/ruby-2.0.0-p353@cpa_website/specifications/jekyll-2.2.0.gemspec
I, [2014-08-15T15:14:19.979931 #4536]  INFO -- : 0:  mini_portile (0.6.0) from /Users/arturenault/.rvm/gems/ruby-2.0.0-p353@cpa_website/specifications/mini_portile-0.6.0.gemspec
I, [2014-08-15T15:14:19.980114 #4536]  INFO -- : 0:  nokogiri (1.6.3.1) from /Users/arturenault/.rvm/gems/ruby-2.0.0-p353@cpa_website/specifications/nokogiri-1.6.3.1.gemspec
I, [2014-08-15T15:14:19.980303 #4536]  INFO -- : 0:  html-pipeline (1.9.0) from /Users/arturenault/.rvm/gems/ruby-2.0.0-p353@cpa_website/specifications/html-pipeline-1.9.0.gemspec
I, [2014-08-15T15:14:19.980493 #4536]  INFO -- : 0:  jekyll-mentions (0.1.3) from /Users/arturenault/.rvm/gems/ruby-2.0.0-p353@cpa_website/specifications/jekyll-mentions-0.1.3.gemspec
I, [2014-08-15T15:14:19.980677 #4536]  INFO -- : 0:  jekyll-redirect-from (0.4.0) from /Users/arturenault/.rvm/gems/ruby-2.0.0-p353@cpa_website/specifications/jekyll-redirect-from-0.4.0.gemspec
I, [2014-08-15T15:14:19.980855 #4536]  INFO -- : 0:  jekyll-sitemap (0.5.1) from /Users/arturenault/.rvm/gems/ruby-2.0.0-p353@cpa_website/specifications/jekyll-sitemap-0.5.1.gemspec
I, [2014-08-15T15:14:19.981040 #4536]  INFO -- : 0:  jemoji (0.3.0) from /Users/arturenault/.rvm/gems/ruby-2.0.0-p353@cpa_website/specifications/jemoji-0.3.0.gemspec
I, [2014-08-15T15:14:19.981379 #4536]  INFO -- : 0:  maruku (0.7.0) from /Users/arturenault/.rvm/gems/ruby-2.0.0-p353@cpa_website/specifications/maruku-0.7.0.gemspec
I, [2014-08-15T15:14:19.981571 #4536]  INFO -- : 0:  rdiscount (2.1.7) from /Users/arturenault/.rvm/gems/ruby-2.0.0-p353@cpa_website/specifications/rdiscount-2.1.7.gemspec
I, [2014-08-15T15:14:19.981758 #4536]  INFO -- : 0:  github-pages (22) from /Users/arturenault/.rvm/gems/ruby-2.0.0-p353@cpa_website/specifications/github-pages-22.gemspec
I, [2014-08-15T15:14:19.981938 #4536]  INFO -- : 0:  bundler (1.5.1) from /Users/arturenault/.rvm/gems/ruby-2.0.0-p353@global/specifications/bundler-1.5.1.gemspec
